<?xml version="1.0" encoding="UTF-8"?>
<!-- Generated by org.testng.reporters.JUnitReportReporter -->
<testsuite hostname="DESKTOP-EE6ENU1" failures="0" tests="1" name="testScripts.BookTests" time="0.862" errors="0" timestamp="2024-02-06T07:05:39 GMT-08:00" skipped="0">
  <testcase classname="testScripts.BookTests" name="book_003" time="0.862"/>
</testsuite> <!-- testScripts.BookTests -->
