<?xml version="1.0" encoding="UTF-8"?>
<!-- Generated by org.testng.reporters.JUnitReportReporter -->
<testsuite hostname="DESKTOP-EE6ENU1" failures="0" tests="1" name="testScripts.homePageTest" time="14.865" errors="0" timestamp="2024-02-07T07:07:54 GMT-08:00" skipped="0">
  <testcase classname="testScripts.homePageTest" name="hometest_001" time="14.865"/>
</testsuite> <!-- testScripts.homePageTest -->
