<?xml version="1.0" encoding="UTF-8"?>
<!-- Generated by org.testng.reporters.JUnitReportReporter -->
<testsuite hostname="DESKTOP-EE6ENU1" failures="0" tests="2" name="Reports.ReportExample" time="107.029" errors="0" timestamp="2024-02-06T05:27:41 GMT-08:00" skipped="0">
  <testcase classname="Reports.ReportExample" name="test2" time="60.666"/>
  <testcase classname="Reports.ReportExample" name="test" time="46.363"/>
</testsuite> <!-- Reports.ReportExample -->
